\BOOKMARK [0][-]{chapter.1}{\376\377\000I\000n\000t\000r\000o\000d\000u\000c\000t\000i\000o\000n\000\040\000g\000\351\000n\000\351\000r\000a\000l\000e}{}% 1
\BOOKMARK [1][-]{section.1.1}{\376\377\000C\000o\000n\000t\000e\000x\000t\000e\000\040\000e\000t\000\040\000j\000u\000s\000t\000i\000f\000i\000c\000a\000t\000i\000o\000n}{chapter.1}% 2
\BOOKMARK [1][-]{section.1.2}{\376\377\000P\000r\000o\000b\000l\000\351\000m\000a\000t\000i\000q\000u\000e}{chapter.1}% 3
\BOOKMARK [1][-]{section.1.3}{\376\377\000O\000b\000j\000e\000c\000t\000i\000f\000s\000\040\000e\000t\000\040\000c\000o\000n\000t\000r\000i\000b\000u\000t\000i\000o\000n\000s}{chapter.1}% 4
\BOOKMARK [2][-]{subsection.1.3.1}{\376\377\000O\000b\000j\000e\000c\000t\000i\000f\000\040\000g\000\351\000n\000\351\000r\000a\000l}{section.1.3}% 5
\BOOKMARK [2][-]{subsection.1.3.2}{\376\377\000O\000b\000j\000e\000c\000t\000i\000f\000s\000\040\000s\000p\000\351\000c\000i\000f\000i\000q\000u\000e\000s}{section.1.3}% 6
\BOOKMARK [2][-]{subsection.1.3.3}{\376\377\000C\000o\000n\000t\000r\000i\000b\000u\000t\000i\000o\000n\000s\000\040\000a\000t\000t\000e\000n\000d\000u\000e\000s}{section.1.3}% 7
\BOOKMARK [1][-]{section.1.4}{\376\377\000O\000r\000g\000a\000n\000i\000s\000a\000t\000i\000o\000n\000\040\000d\000u\000\040\000m\000\351\000m\000o\000i\000r\000e}{chapter.1}% 8
\BOOKMARK [0][-]{chapter.2}{\376\377\000R\000e\000v\000u\000e\000\040\000d\000e\000\040\000l\000a\000\040\000l\000i\000t\000t\000\351\000r\000a\000t\000u\000r\000e}{}% 9
\BOOKMARK [1][-]{section.2.1}{\376\377\000I\000n\000t\000r\000o\000d\000u\000c\000t\000i\000o\000n}{chapter.2}% 10
\BOOKMARK [1][-]{section.2.2}{\376\377\000I\000n\000t\000e\000l\000l\000i\000g\000e\000n\000c\000e\000\040\000a\000r\000t\000i\000f\000i\000c\000i\000e\000l\000l\000e\000\040\000e\000t\000\040\000s\000e\000c\000t\000e\000u\000r\000\040\000a\000g\000r\000o\000a\000l\000i\000m\000e\000n\000t\000a\000i\000r\000e}{chapter.2}% 11
\BOOKMARK [1][-]{section.2.3}{\376\377\000P\000r\000\351\000d\000i\000c\000t\000i\000o\000n\000\040\000d\000u\000\040\000t\000e\000m\000p\000s\000\040\000d\000e\000\040\000c\000u\000i\000s\000s\000o\000n\000\040\000d\000e\000s\000\040\000l\000\351\000g\000u\000m\000i\000n\000e\000u\000s\000e\000s\000\040\000e\000t\000\040\000t\000r\000a\000v\000a\000u\000x\000\040\000c\000o\000n\000n\000e\000x\000e\000s}{chapter.2}% 12
\BOOKMARK [1][-]{section.2.4}{\376\377\000C\000o\000n\000v\000o\000l\000u\000t\000i\000o\000n\000\040\000e\000t\000\040\000r\000\351\000s\000e\000a\000u\000x\000\040\000d\000e\000\040\000n\000e\000u\000r\000o\000n\000e\000s\000\040\000c\000o\000n\000v\000o\000l\000u\000t\000i\000f\000s\000\040\000\050\000C\000N\000N\000\051}{chapter.2}% 13
\BOOKMARK [2][-]{subsection.2.4.1}{\376\377\000D\000\351\000f\000i\000n\000i\000t\000i\000o\000n\000\040\000m\000a\000t\000h\000\351\000m\000a\000t\000i\000q\000u\000e}{section.2.4}% 14
\BOOKMARK [2][-]{subsection.2.4.2}{\376\377\000P\000a\000d\000d\000i\000n\000g\000,\000\040\000s\000t\000r\000i\000d\000e\000,\000\040\000d\000i\000l\000a\000t\000a\000t\000i\000o\000n}{section.2.4}% 15
\BOOKMARK [2][-]{subsection.2.4.3}{\376\377\000C\000o\000\373\000t\000,\000\040\000p\000a\000r\000a\000m\000\350\000t\000r\000e\000s\000\040\000e\000t\000\040\000c\000o\000n\000v\000o\000l\000u\000t\000i\000o\000n\000s\000\040\000s\000\351\000p\000a\000r\000a\000b\000l\000e\000s}{section.2.4}% 16
\BOOKMARK [2][-]{subsection.2.4.4}{\376\377\000A\000u\000t\000r\000e\000s\000\040\000b\000l\000o\000c\000s\000\040\000l\000\351\000g\000e\000r\000s}{section.2.4}% 17
\BOOKMARK [1][-]{section.2.5}{\376\377\000T\000i\000n\000y\000M\000L\000\040\000:\000\040\000p\000r\000i\000n\000c\000i\000p\000e\000s\000,\000\040\000a\000v\000a\000n\000t\000a\000g\000e\000s\000,\000\040\000c\000a\000s\000\040\000d\040\031\000u\000s\000a\000g\000e\000\040\000e\000t\000\040\000l\000i\000m\000i\000t\000e\000s}{chapter.2}% 18
\BOOKMARK [2][-]{subsection.2.5.1}{\376\377\000C\000o\000n\000t\000r\000a\000i\000n\000t\000e\000s\000\040\000m\000a\000t\000\351\000r\000i\000e\000l\000l\000e\000s\000\040\000t\000y\000p\000i\000q\000u\000e\000s}{section.2.5}% 19
\BOOKMARK [2][-]{subsection.2.5.2}{\376\377\000A\000v\000a\000n\000t\000a\000g\000e\000s\000\040\000e\000t\000\040\000c\000a\000s\000\040\000d\040\031\000u\000t\000i\000l\000i\000s\000a\000t\000i\000o\000n}{section.2.5}% 20
\BOOKMARK [2][-]{subsection.2.5.3}{\376\377\000T\000e\000c\000h\000n\000i\000q\000u\000e\000s\000\040\000d\040\031\000o\000p\000t\000i\000m\000i\000s\000a\000t\000i\000o\000n}{section.2.5}% 21
\BOOKMARK [2][-]{subsection.2.5.4}{\376\377\000A\000v\000a\000n\000c\000\351\000e\000s\000\040\000e\000t\000\040\000p\000e\000r\000s\000p\000e\000c\000t\000i\000v\000e\000s\000\040\000d\000u\000\040\000T\000i\000n\000y\000M\000L}{section.2.5}% 22
\BOOKMARK [1][-]{section.2.6}{\376\377\000M\000o\000d\000\350\000l\000e\000s\000\040\000l\000\351\000g\000e\000r\000s\000\040\000p\000o\000u\000r\000\040\000d\000i\000s\000p\000o\000s\000i\000t\000i\000f\000s\000\040\000c\000o\000n\000t\000r\000a\000i\000n\000t\000s}{chapter.2}% 23
\BOOKMARK [1][-]{section.2.7}{\376\377\000M\000\351\000t\000r\000i\000q\000u\000e\000s\000\040\000d\040\031\000\351\000v\000a\000l\000u\000a\000t\000i\000o\000n\000\040\000d\000e\000s\000\040\000m\000o\000d\000\350\000l\000e\000s}{chapter.2}% 24
\BOOKMARK [2][-]{subsection.2.7.1}{\376\377\000M\000\351\000t\000r\000i\000q\000u\000e\000s\000\040\000d\000e\000\040\000r\000\351\000g\000r\000e\000s\000s\000i\000o\000n}{section.2.7}% 25
\BOOKMARK [2][-]{subsection.2.7.2}{\376\377\000M\000\351\000t\000r\000i\000q\000u\000e\000s\000\040\000d\000e\000\040\000c\000l\000a\000s\000s\000i\000f\000i\000c\000a\000t\000i\000o\000n}{section.2.7}% 26
\BOOKMARK [1][-]{section.2.8}{\376\377\000B\000o\000n\000n\000e\000s\000\040\000p\000r\000a\000t\000i\000q\000u\000e\000s\000\040\000d\040\031\000\351\000v\000a\000l\000u\000a\000t\000i\000o\000n\000\040\000e\000m\000b\000a\000r\000q\000u\000\351\000e}{chapter.2}% 27
\BOOKMARK [1][-]{section.2.9}{\376\377\000S\000y\000n\000t\000h\000\350\000s\000e\000\040\000d\000e\000s\000\040\000t\000r\000a\000v\000a\000u\000x\000\040\000a\000n\000t\000\351\000r\000i\000e\000u\000r\000s}{chapter.2}% 28
\BOOKMARK [1][-]{section.2.10}{\376\377\000C\000o\000n\000c\000l\000u\000s\000i\000o\000n}{chapter.2}% 29
\BOOKMARK [0][-]{chapter.3}{\376\377\000M\000\351\000t\000h\000o\000d\000o\000l\000o\000g\000i\000e\000\040\000e\000t\000\040\000C\000o\000n\000c\000e\000p\000t\000i\000o\000n\000\040\000d\000u\000\040\000S\000y\000s\000t\000\350\000m\000e}{}% 30
\BOOKMARK [1][-]{section.3.1}{\376\377\000I\000n\000t\000r\000o\000d\000u\000c\000t\000i\000o\000n}{chapter.3}% 31
\BOOKMARK [1][-]{section.3.2}{\376\377\000V\000u\000e\000\040\000d\000'\000e\000n\000s\000e\000m\000b\000l\000e\000\040\000d\000u\000\040\000p\000i\000p\000e\000l\000i\000n\000e\000\040\000p\000r\000o\000p\000o\000s\000\351}{chapter.3}% 32
\BOOKMARK [2][-]{subsection.3.2.1}{\376\377\000D\000a\000t\000a\000s\000e\000t\000\040\000d\000e\000\040\000c\000l\000a\000s\000s\000i\000f\000i\000c\000a\000t\000i\000o\000n\000\040\000\050\000D\000c\000l\000f\000\051}{section.3.2}% 33
\BOOKMARK [2][-]{subsection.3.2.2}{\376\377\000D\000a\000t\000a\000s\000e\000t\000\040\000d\000e\000\040\000r\000\351\000g\000r\000e\000s\000s\000i\000o\000n\000\040\000\050\000D\000r\000e\000g\000\051}{section.3.2}% 34
\BOOKMARK [2][-]{subsection.3.2.3}{\376\377\000J\000u\000s\000t\000i\000f\000i\000c\000a\000t\000i\000o\000n\000\040\000d\000u\000\040\000d\000\351\000c\000o\000u\000p\000a\000g\000e\000\040\000e\000n\000\040\000d\000e\000u\000x\000\040\000j\000e\000u\000x\000\040\000d\000i\000s\000t\000i\000n\000c\000t\000s}{section.3.2}% 35
\BOOKMARK [1][-]{section.3.3}{\376\377\000A\000n\000a\000l\000y\000s\000e\000\040\000e\000x\000p\000l\000o\000r\000a\000t\000o\000i\000r\000e\000\040\000\050\000E\000D\000A\000\051\000\040\000e\000t\000\040\000s\000t\000a\000t\000i\000s\000t\000i\000q\000u\000e\000s\000\040\000d\000e\000s\000c\000r\000i\000p\000t\000i\000v\000e\000s}{chapter.3}% 36
\BOOKMARK [2][-]{subsection.3.3.1}{\376\377\000S\000y\000n\000t\000h\000\350\000s\000e\000\040\000s\000t\000a\000t\000i\000s\000t\000i\000q\000u\000e\000\040\000p\000o\000u\000r\000\040\000l\000a\000\040\000r\000\351\000g\000r\000e\000s\000s\000i\000o\000n}{section.3.3}% 37
\BOOKMARK [2][-]{subsection.3.3.2}{\376\377\000A\000n\000a\000l\000y\000s\000e\000\040\000d\000u\000\040\000d\000a\000t\000a\000s\000e\000t\000\040\000d\000e\000\040\000c\000l\000a\000s\000s\000i\000f\000i\000c\000a\000t\000i\000o\000n}{section.3.3}% 38
\BOOKMARK [1][-]{section.3.4}{\376\377\000A\000r\000c\000h\000i\000t\000e\000c\000t\000u\000r\000e\000s\000\040\000m\000o\000d\000\350\000l\000e\000s\000\040\000e\000t\000\040\000j\000u\000s\000t\000i\000f\000i\000c\000a\000t\000i\000o\000n}{chapter.3}% 39
\BOOKMARK [2][-]{subsection.3.4.1}{\376\377\000M\000o\000d\000\350\000l\000e\000\040\000d\000e\000\040\000c\000l\000a\000s\000s\000i\000f\000i\000c\000a\000t\000i\000o\000n}{section.3.4}% 40
\BOOKMARK [2][-]{subsection.3.4.2}{\376\377\000M\000o\000d\000\350\000l\000e\000\040\000d\000e\000\040\000r\000\351\000g\000r\000e\000s\000s\000i\000o\000n}{section.3.4}% 41
\BOOKMARK [1][-]{section.3.5}{\376\377\000W\000o\000r\000k\000f\000l\000o\000w\000\040\000d\000'\000e\000n\000t\000r\000a\000\356\000n\000e\000m\000e\000n\000t\000,\000\040\000c\000o\000n\000v\000e\000r\000s\000i\000o\000n\000\040\000e\000t\000\040\000\351\000v\000a\000l\000u\000a\000t\000i\000o\000n}{chapter.3}% 42
\BOOKMARK [2][-]{subsection.3.5.1}{\376\377\000P\000r\000o\000c\000\351\000d\000u\000r\000e\000\040\000d\000'\000e\000n\000t\000r\000a\000\356\000n\000e\000m\000e\000n\000t\000\040\000r\000e\000p\000r\000o\000d\000u\000c\000t\000i\000b\000l\000e}{section.3.5}% 43
\BOOKMARK [2][-]{subsection.3.5.2}{\376\377\000C\000o\000n\000v\000e\000r\000s\000i\000o\000n\000\040\000e\000t\000\040\000q\000u\000a\000n\000t\000i\000f\000i\000c\000a\000t\000i\000o\000n\000\040\000T\000F\000L\000i\000t\000e}{section.3.5}% 44
\BOOKMARK [2][-]{subsection.3.5.3}{\376\377\000\311\000v\000a\000l\000u\000a\000t\000i\000o\000n\000\040\000f\000i\000n\000a\000l\000e\000\040\000e\000t\000\040\000m\000e\000s\000u\000r\000e\000s\000\040\000e\000m\000b\000a\000r\000q\000u\000\351\000e\000s}{section.3.5}% 45
\BOOKMARK [1][-]{section.3.6}{\376\377\000I\000n\000t\000\351\000g\000r\000a\000t\000i\000o\000n\000\040\000d\000a\000n\000s\000\040\000l\000'\000a\000p\000p\000l\000i\000c\000a\000t\000i\000o\000n\000\040\000m\000o\000b\000i\000l\000e\000\040\000e\000t\000\040\000U\000X}{chapter.3}% 46
\BOOKMARK [1][-]{section.3.7}{\376\377\000D\000i\000s\000c\000u\000s\000s\000i\000o\000n\000\040\000c\000r\000i\000t\000i\000q\000u\000e\000\040\000e\000t\000\040\000l\000i\000m\000i\000t\000e\000s}{chapter.3}% 47
\BOOKMARK [2][-]{subsection.3.7.1}{\376\377\000P\000o\000i\000n\000t\000s\000\040\000f\000o\000r\000t\000s}{section.3.7}% 48
\BOOKMARK [2][-]{subsection.3.7.2}{\376\377\000L\000i\000m\000i\000t\000e\000s\000\040\000e\000t\000\040\000p\000i\000s\000t\000e\000s\000\040\000d\000'\000a\000m\000\351\000l\000i\000o\000r\000a\000t\000i\000o\000n}{section.3.7}% 49
\BOOKMARK [1][-]{section.3.8}{\376\377\000B\000o\000n\000n\000e\000s\000\040\000p\000r\000a\000t\000i\000q\000u\000e\000s\000\040\000e\000t\000\040\000r\000e\000c\000o\000m\000m\000a\000n\000d\000a\000t\000i\000o\000n\000s\000\040\000p\000o\000u\000r\000\040\000l\000a\000\040\000r\000e\000p\000r\000o\000d\000u\000c\000t\000i\000b\000i\000l\000i\000t\000\351}{chapter.3}% 50
\BOOKMARK [1][-]{section.3.9}{\376\377\000C\000o\000n\000c\000l\000u\000s\000i\000o\000n\000\040\000d\000u\000\040\000c\000h\000a\000p\000i\000t\000r\000e}{chapter.3}% 51
\BOOKMARK [0][-]{chapter.4}{\376\377\000D\000\351\000v\000e\000l\000o\000p\000p\000e\000m\000e\000n\000t\000\040\000e\000t\000\040\000i\000m\000p\000l\000\351\000m\000e\000n\000t\000a\000t\000i\000o\000n}{}% 52
\BOOKMARK [1][-]{section.4.1}{\376\377\000E\000n\000v\000i\000r\000o\000n\000n\000e\000m\000e\000n\000t\000\040\000d\000e\000\040\000d\000\351\000v\000e\000l\000o\000p\000p\000e\000m\000e\000n\000t}{chapter.4}% 53
\BOOKMARK [2][-]{subsection.4.1.1}{\376\377\000M\000a\000t\000\351\000r\000i\000e\000l}{section.4.1}% 54
\BOOKMARK [2][-]{subsection.4.1.2}{\376\377\000L\000o\000g\000i\000c\000i\000e\000l\000s\000\040\000e\000t\000\040\000v\000e\000r\000s\000i\000o\000n\000s}{section.4.1}% 55
\BOOKMARK [1][-]{section.4.2}{\376\377\000P\000r\000\351\000p\000a\000r\000a\000t\000i\000o\000n\000\040\000d\000e\000s\000\040\000d\000o\000n\000n\000\351\000e\000s}{chapter.4}% 56
\BOOKMARK [1][-]{section.4.3}{\376\377\000A\000r\000c\000h\000i\000t\000e\000c\000t\000u\000r\000e\000s\000\040\000d\000e\000\040\000m\000o\000d\000\350\000l\000e\000s}{chapter.4}% 57
\BOOKMARK [1][-]{section.4.4}{\376\377\000S\000t\000r\000a\000t\000\351\000g\000i\000e\000\040\000d\040\031\000e\000n\000t\000r\000a\000\356\000n\000e\000m\000e\000n\000t}{chapter.4}% 58
\BOOKMARK [1][-]{section.4.5}{\376\377\000E\000x\000p\000o\000r\000t\000\040\000e\000t\000\040\000o\000p\000t\000i\000m\000i\000s\000a\000t\000i\000o\000n\000\040\000T\000i\000n\000y\000M\000L}{chapter.4}% 59
\BOOKMARK [2][-]{subsection.4.5.1}{\376\377\000C\000o\000n\000v\000e\000r\000s\000i\000o\000n\000\040\000T\000e\000n\000s\000o\000r\000F\000l\000o\000w\000\040\000L\000i\000t\000e\000\040\000\050\000f\000l\000o\000a\000t\0001\0006\000\051}{section.4.5}% 60
\BOOKMARK [1][-]{section.4.6}{\376\377\000D\000\351\000p\000l\000o\000i\000e\000m\000e\000n\000t\000\040\000A\000n\000d\000r\000o\000i\000d}{chapter.4}% 61
\BOOKMARK [2][-]{subsection.4.6.1}{\376\377\000C\000i\000b\000l\000e\000\040\000e\000t\000\040\000o\000u\000t\000i\000l\000s}{section.4.6}% 62
\BOOKMARK [2][-]{subsection.4.6.2}{\376\377\000I\000n\000t\000\351\000g\000r\000a\000t\000i\000o\000n\000\040\000e\000t\000\040\000i\000n\000f\000\351\000r\000e\000n\000c\000e}{section.4.6}% 63
\BOOKMARK [1][-]{section.4.7}{\376\377\000M\000e\000s\000u\000r\000e\000s\000\040\000e\000t\000\040\000a\000r\000t\000e\000f\000a\000c\000t\000s\000\040\000\340\000\040\000p\000r\000o\000d\000u\000i\000r\000e}{chapter.4}% 64
\BOOKMARK [1][-]{section.4.8}{\376\377\000L\000i\000m\000i\000t\000e\000s\000\040\000p\000r\000a\000t\000i\000q\000u\000e\000s\000\040\000e\000t\000\040\000p\000o\000i\000n\000t\000s\000\040\000d\040\031\000a\000t\000t\000e\000n\000t\000i\000o\000n}{chapter.4}% 65
\BOOKMARK [0][-]{chapter.5}{\376\377\000R\000\351\000s\000u\000l\000t\000a\000t\000s\000\040\000e\000t\000\040\000D\000i\000s\000c\000u\000s\000s\000i\000o\000n}{}% 66
\BOOKMARK [1][-]{section.5.1}{\376\377\000R\000\351\000s\000u\000l\000t\000a\000t\000s\000\040\000d\040\031\000e\000n\000t\000r\000a\000\356\000n\000e\000m\000e\000n\000t\000\040\000e\000t\000\040\000d\000e\000\040\000t\000e\000s\000t}{chapter.5}% 67
\BOOKMARK [2][-]{subsection.5.1.1}{\376\377\000C\000o\000u\000r\000b\000e\000s\000\040\000d\000e\000\040\000p\000e\000r\000t\000e\000\040\000e\000t\000\040\000c\000o\000n\000v\000e\000r\000g\000e\000n\000c\000e\000\040\000d\000e\000s\000\040\000m\000o\000d\000\350\000l\000e\000s}{section.5.1}% 68
\BOOKMARK [1][-]{section.5.2}{\376\377\000V\000i\000s\000u\000a\000l\000i\000s\000a\000t\000i\000o\000n\000\040\000d\000e\000s\000\040\000p\000e\000r\000f\000o\000r\000m\000a\000n\000c\000e\000s\000\040\000d\000e\000s\000\040\000m\000o\000d\000\350\000l\000e\000s}{chapter.5}% 69
\BOOKMARK [1][-]{section.5.3}{\376\377\000A\000n\000a\000l\000y\000s\000e\000\040\000p\000a\000r\000\040\000v\000a\000r\000i\000\351\000t\000\351}{chapter.5}% 70
\BOOKMARK [1][-]{section.5.4}{\376\377\000A\000n\000a\000l\000y\000s\000e\000\040\000d\000e\000s\000\040\000e\000r\000r\000e\000u\000r\000s\000\040\000e\000t\000\040\000r\000o\000b\000u\000s\000t\000e\000s\000s\000e}{chapter.5}% 71
\BOOKMARK [2][-]{subsection.5.4.1}{\376\377\000C\000a\000s\000\040\000d\000i\000f\000f\000i\000c\000i\000l\000e\000s}{section.5.4}% 72
\BOOKMARK [2][-]{subsection.5.4.2}{\376\377\000R\000o\000b\000u\000s\000t\000e\000s\000s\000e\000\040\000e\000n\000\040\000c\000o\000n\000d\000i\000t\000i\000o\000n\000s\000\040\000r\000\351\000e\000l\000l\000e\000s}{section.5.4}% 73
\BOOKMARK [1][-]{section.5.5}{\376\377\000D\000i\000s\000c\000u\000s\000s\000i\000o\000n\000\040\000c\000r\000i\000t\000i\000q\000u\000e\000\040\000e\000t\000\040\000i\000m\000p\000l\000i\000c\000a\000t\000i\000o\000n\000s}{chapter.5}% 74
\BOOKMARK [2][-]{subsection.5.5.1}{\376\377\000C\000o\000m\000p\000a\000r\000a\000i\000s\000o\000n\000\040\000a\000v\000e\000c\000\040\000l\040\031\000\351\000t\000a\000t\000\040\000d\000e\000\040\000l\040\031\000a\000r\000t}{section.5.5}% 75
\BOOKMARK [2][-]{subsection.5.5.2}{\376\377\000L\000i\000m\000i\000t\000e\000s}{section.5.5}% 76
\BOOKMARK [2][-]{subsection.5.5.3}{\376\377\000P\000e\000r\000s\000p\000e\000c\000t\000i\000v\000e\000s}{section.5.5}% 77
\BOOKMARK [1][-]{section.5.6}{\376\377\000S\000y\000n\000t\000h\000\350\000s\000e}{chapter.5}% 78
\BOOKMARK [0][-]{chapter.6}{\376\377\000C\000o\000n\000c\000l\000u\000s\000i\000o\000n\000\040\000e\000t\000\040\000p\000e\000r\000s\000p\000e\000c\000t\000i\000v\000e\000s}{}% 79
\BOOKMARK [1][-]{section.6.1}{\376\377\000S\000y\000n\000t\000h\000\350\000s\000e\000\040\000d\000e\000s\000\040\000c\000o\000n\000t\000r\000i\000b\000u\000t\000i\000o\000n\000s}{chapter.6}% 80
\BOOKMARK [1][-]{section.6.2}{\376\377\000B\000i\000l\000a\000n\000\040\000c\000r\000i\000t\000i\000q\000u\000e}{chapter.6}% 81
\BOOKMARK [2][-]{subsection.6.2.1}{\376\377\000P\000o\000i\000n\000t\000s\000\040\000f\000o\000r\000t\000s}{section.6.2}% 82
\BOOKMARK [2][-]{subsection.6.2.2}{\376\377\000L\000i\000m\000i\000t\000e\000s}{section.6.2}% 83
\BOOKMARK [1][-]{section.6.3}{\376\377\000P\000e\000r\000s\000p\000e\000c\000t\000i\000v\000e\000s}{chapter.6}% 84
\BOOKMARK [1][-]{section.6.4}{\376\377\000C\000o\000n\000c\000l\000u\000s\000i\000o\000n\000\040\000g\000\351\000n\000\351\000r\000a\000l\000e}{chapter.6}% 85
\BOOKMARK [0][-]{appendix*.22}{\376\377\000B\000i\000b\000l\000i\000o\000g\000r\000a\000p\000h\000i\000e}{}% 86
